<?xml version="1.0" encoding="UTF-8" ?>
<testsuites disabled="0" errors="0" failures="0" tests="13" time="72.893">
 <testsuite name="Verify that the results match the search criteria" timestamp="2020-08-03T22:45:58" hostname="localhost" time="25.323" errors="0" tests="4" skipped="0" disabled="0" failures="0">
  <testcase classname="Verify that the results match the search criteria" name="Open www.airbnb.com." time="11.326" />
  <testcase classname="Verify that the results match the search criteria" name="Enter the search criteria" time="4.973" />
  <testcase classname="Verify that the results match the search criteria" name="Verify that the applied filters are correct." time="1.536" />
  <testcase classname="Verify that the results match the search criteria" name="Verify that the properties displayed on the first page can accommodate at least the selected number of guests." time="7.485" />
 </testsuite>
 <testsuite name="Verify that the results and details page match the extra filters" timestamp="2020-08-03T22:46:24" hostname="localhost" time="34.638" errors="0" tests="5" skipped="0" disabled="0" failures="0">
  <testcase classname="Verify that the results and details page match the extra filters" name="Open www.airbnb.com." time="1.677" />
  <testcase classname="Verify that the results and details page match the extra filters" name="Enter the search criteria" time="3.837" />
  <testcase classname="Verify that the results and details page match the extra filters" name="Apply more filters" time="10.591" />
  <testcase classname="Verify that the results and details page match the extra filters" name="Verify that the properties displayed on the first page have at least the number of selected bedroom." time="5.812" />
  <testcase classname="Verify that the results and details page match the extra filters" name="Open the details of the first property and Check that in the Amenities popup Pool is displayed under Facilities category." time="12.72" />
 </testsuite>
 <testsuite name="Verify that a property is displayed on the map correctly" timestamp="2020-08-03T22:46:58" hostname="localhost" time="12.932" errors="0" tests="4" skipped="0" disabled="0" failures="0">
  <testcase classname="Verify that a property is displayed on the map correctly" name="Open www.airbnb.com." time="1.85" />
  <testcase classname="Verify that a property is displayed on the map correctly" name="Enter the search criteria" time="3.926" />
  <testcase classname="Verify that a property is displayed on the map correctly" name="Hover over the first property and Check that the property is displayed on the map and the color changes to indicate the selection." time="6.435" />
  <testcase classname="Verify that a property is displayed on the map correctly" name="After identifying the property on the map, click it and Verify that the details shown in the map popup are the same as the ones shown in the search results." time="0.72" />
 </testsuite>
</testsuites>